{"total": {"lines":{"total":4280,"covered":4017,"skipped":0,"pct":93.85},"statements":{"total":4280,"covered":4017,"skipped":0,"pct":93.85},"functions":{"total":406,"covered":370,"skipped":0,"pct":91.13},"branches":{"total":1811,"covered":1692,"skipped":0,"pct":93.42},"branchesTrue":{"total":0,"covered":0,"skipped":0,"pct":"Unknown"}}
,"/workspace/src/AtomHost.ts": {"lines":{"total":64,"covered":62,"skipped":0,"pct":96.87},"functions":{"total":7,"covered":7,"skipped":0,"pct":100},"statements":{"total":64,"covered":62,"skipped":0,"pct":96.87},"branches":{"total":23,"covered":19,"skipped":0,"pct":82.6}}
,"/workspace/src/ComponentHost.ts": {"lines":{"total":609,"covered":591,"skipped":0,"pct":97.04},"functions":{"total":75,"covered":72,"skipped":0,"pct":96},"statements":{"total":609,"covered":591,"skipped":0,"pct":97.04},"branches":{"total":308,"covered":293,"skipped":0,"pct":95.12}}
,"/workspace/src/ContextProvider.ts": {"lines":{"total":15,"covered":15,"skipped":0,"pct":100},"functions":{"total":3,"covered":3,"skipped":0,"pct":100},"statements":{"total":15,"covered":15,"skipped":0,"pct":100},"branches":{"total":3,"covered":3,"skipped":0,"pct":100}}
,"/workspace/src/DOM.ts": {"lines":{"total":506,"covered":486,"skipped":0,"pct":96.04},"functions":{"total":32,"covered":31,"skipped":0,"pct":96.87},"statements":{"total":506,"covered":486,"skipped":0,"pct":96.04},"branches":{"total":362,"covered":335,"skipped":0,"pct":92.54}}
,"/workspace/src/Form.tsx": {"lines":{"total":79,"covered":79,"skipped":0,"pct":100},"functions":{"total":7,"covered":7,"skipped":0,"pct":100},"statements":{"total":79,"covered":79,"skipped":0,"pct":100},"branches":{"total":20,"covered":20,"skipped":0,"pct":100}}
,"/workspace/src/FunctionHost.ts": {"lines":{"total":131,"covered":117,"skipped":0,"pct":89.31},"functions":{"total":11,"covered":10,"skipped":0,"pct":90.9},"statements":{"total":131,"covered":117,"skipped":0,"pct":89.31},"branches":{"total":46,"covered":39,"skipped":0,"pct":84.78}}
,"/workspace/src/LightBindingEffect.ts": {"lines":{"total":79,"covered":62,"skipped":0,"pct":78.48},"functions":{"total":9,"covered":6,"skipped":0,"pct":66.66},"statements":{"total":79,"covered":62,"skipped":0,"pct":78.48},"branches":{"total":24,"covered":18,"skipped":0,"pct":75}}
,"/workspace/src/LinkedList.ts": {"lines":{"total":6,"covered":6,"skipped":0,"pct":100},"functions":{"total":1,"covered":1,"skipped":0,"pct":100},"statements":{"total":6,"covered":6,"skipped":0,"pct":100},"branches":{"total":1,"covered":1,"skipped":0,"pct":100}}
,"/workspace/src/Portal.tsx": {"lines":{"total":31,"covered":30,"skipped":0,"pct":96.77},"functions":{"total":2,"covered":2,"skipped":0,"pct":100},"statements":{"total":31,"covered":30,"skipped":0,"pct":96.77},"branches":{"total":12,"covered":11,"skipped":0,"pct":91.66}}
,"/workspace/src/RxListHost.ts": {"lines":{"total":350,"covered":331,"skipped":0,"pct":94.57},"functions":{"total":17,"covered":17,"skipped":0,"pct":100},"statements":{"total":350,"covered":331,"skipped":0,"pct":94.57},"branches":{"total":137,"covered":130,"skipped":0,"pct":94.89}}
,"/workspace/src/StaticArrayHost.ts": {"lines":{"total":59,"covered":59,"skipped":0,"pct":100},"functions":{"total":5,"covered":5,"skipped":0,"pct":100},"statements":{"total":59,"covered":59,"skipped":0,"pct":100},"branches":{"total":29,"covered":29,"skipped":0,"pct":100}}
,"/workspace/src/StaticHost.ts": {"lines":{"total":792,"covered":753,"skipped":0,"pct":95.07},"functions":{"total":56,"covered":55,"skipped":0,"pct":98.21},"statements":{"total":792,"covered":753,"skipped":0,"pct":95.07},"branches":{"total":335,"covered":308,"skipped":0,"pct":91.94}}
,"/workspace/src/createHost.ts": {"lines":{"total":100,"covered":100,"skipped":0,"pct":100},"functions":{"total":7,"covered":7,"skipped":0,"pct":100},"statements":{"total":100,"covered":100,"skipped":0,"pct":100},"branches":{"total":43,"covered":43,"skipped":0,"pct":100}}
,"/workspace/src/diagnostics.ts": {"lines":{"total":356,"covered":356,"skipped":0,"pct":100},"functions":{"total":33,"covered":33,"skipped":0,"pct":100},"statements":{"total":356,"covered":356,"skipped":0,"pct":100},"branches":{"total":146,"covered":146,"skipped":0,"pct":100}}
,"/workspace/src/eventAlias.ts": {"lines":{"total":70,"covered":70,"skipped":0,"pct":100},"functions":{"total":8,"covered":8,"skipped":0,"pct":100},"statements":{"total":70,"covered":70,"skipped":0,"pct":100},"branches":{"total":38,"covered":38,"skipped":0,"pct":100}}
,"/workspace/src/index.ts": {"lines":{"total":25,"covered":25,"skipped":0,"pct":100},"functions":{"total":0,"covered":0,"skipped":0,"pct":100},"statements":{"total":25,"covered":25,"skipped":0,"pct":100},"branches":{"total":0,"covered":0,"skipped":0,"pct":100}}
,"/workspace/src/lazy.ts": {"lines":{"total":25,"covered":25,"skipped":0,"pct":100},"functions":{"total":3,"covered":3,"skipped":0,"pct":100},"statements":{"total":25,"covered":25,"skipped":0,"pct":100},"branches":{"total":11,"covered":9,"skipped":0,"pct":81.81}}
,"/workspace/src/propTypes.ts": {"lines":{"total":298,"covered":222,"skipped":0,"pct":74.49},"functions":{"total":42,"covered":25,"skipped":0,"pct":59.52},"statements":{"total":298,"covered":222,"skipped":0,"pct":74.49},"branches":{"total":58,"covered":53,"skipped":0,"pct":91.37}}
,"/workspace/src/reactiveDOMState.ts": {"lines":{"total":291,"covered":266,"skipped":0,"pct":91.4},"functions":{"total":42,"covered":37,"skipped":0,"pct":88.09},"statements":{"total":291,"covered":266,"skipped":0,"pct":91.4},"branches":{"total":71,"covered":68,"skipped":0,"pct":95.77}}
,"/workspace/src/ref.ts": {"lines":{"total":22,"covered":22,"skipped":0,"pct":100},"functions":{"total":4,"covered":4,"skipped":0,"pct":100},"statements":{"total":22,"covered":22,"skipped":0,"pct":100},"branches":{"total":4,"covered":4,"skipped":0,"pct":100}}
,"/workspace/src/render.ts": {"lines":{"total":93,"covered":91,"skipped":0,"pct":97.84},"functions":{"total":8,"covered":8,"skipped":0,"pct":100},"statements":{"total":93,"covered":91,"skipped":0,"pct":97.84},"branches":{"total":42,"covered":40,"skipped":0,"pct":95.23}}
,"/workspace/src/retainedObjectDiagnostics.ts": {"lines":{"total":128,"covered":122,"skipped":0,"pct":95.31},"functions":{"total":16,"covered":15,"skipped":0,"pct":93.75},"statements":{"total":128,"covered":122,"skipped":0,"pct":95.31},"branches":{"total":43,"covered":35,"skipped":0,"pct":81.39}}
,"/workspace/src/util.ts": {"lines":{"total":78,"covered":54,"skipped":0,"pct":69.23},"functions":{"total":11,"covered":7,"skipped":0,"pct":63.63},"statements":{"total":78,"covered":54,"skipped":0,"pct":69.23},"branches":{"total":28,"covered":23,"skipped":0,"pct":82.14}}
,"/workspace/src/vitePlugin.ts": {"lines":{"total":73,"covered":73,"skipped":0,"pct":100},"functions":{"total":7,"covered":7,"skipped":0,"pct":100},"statements":{"total":73,"covered":73,"skipped":0,"pct":100},"branches":{"total":27,"covered":27,"skipped":0,"pct":100}}
}
