{"total": {"lines":{"total":1841,"covered":1736,"skipped":0,"pct":94.29},"statements":{"total":1841,"covered":1736,"skipped":0,"pct":94.29},"functions":{"total":183,"covered":173,"skipped":0,"pct":94.53},"branches":{"total":771,"covered":705,"skipped":0,"pct":91.43},"branchesTrue":{"total":0,"covered":0,"skipped":0,"pct":"Unknown"}}
,"/Users/camus/Work/axii/axii/src/AtomHost.ts": {"lines":{"total":43,"covered":43,"skipped":0,"pct":100},"functions":{"total":7,"covered":6,"skipped":0,"pct":85.71},"statements":{"total":43,"covered":43,"skipped":0,"pct":100},"branches":{"total":17,"covered":16,"skipped":0,"pct":94.11}}
,"/Users/camus/Work/axii/axii/src/ComponentHost.ts": {"lines":{"total":416,"covered":398,"skipped":0,"pct":95.67},"functions":{"total":36,"covered":36,"skipped":0,"pct":100},"statements":{"total":416,"covered":398,"skipped":0,"pct":95.67},"branches":{"total":159,"covered":142,"skipped":0,"pct":89.3}}
,"/Users/camus/Work/axii/axii/src/ContextProvider.ts": {"lines":{"total":15,"covered":15,"skipped":0,"pct":100},"functions":{"total":3,"covered":3,"skipped":0,"pct":100},"statements":{"total":15,"covered":15,"skipped":0,"pct":100},"branches":{"total":3,"covered":3,"skipped":0,"pct":100}}
,"/Users/camus/Work/axii/axii/src/DOM.ts": {"lines":{"total":365,"covered":352,"skipped":0,"pct":96.43},"functions":{"total":31,"covered":30,"skipped":0,"pct":96.77},"statements":{"total":365,"covered":352,"skipped":0,"pct":96.43},"branches":{"total":258,"covered":231,"skipped":0,"pct":89.53}}
,"/Users/camus/Work/axii/axii/src/FunctionHost.ts": {"lines":{"total":47,"covered":47,"skipped":0,"pct":100},"functions":{"total":5,"covered":5,"skipped":0,"pct":100},"statements":{"total":47,"covered":47,"skipped":0,"pct":100},"branches":{"total":12,"covered":11,"skipped":0,"pct":91.66}}
,"/Users/camus/Work/axii/axii/src/LinkedList.ts": {"lines":{"total":6,"covered":6,"skipped":0,"pct":100},"functions":{"total":1,"covered":1,"skipped":0,"pct":100},"statements":{"total":6,"covered":6,"skipped":0,"pct":100},"branches":{"total":1,"covered":1,"skipped":0,"pct":100}}
,"/Users/camus/Work/axii/axii/src/Portal.tsx": {"lines":{"total":18,"covered":18,"skipped":0,"pct":100},"functions":{"total":1,"covered":1,"skipped":0,"pct":100},"statements":{"total":18,"covered":18,"skipped":0,"pct":100},"branches":{"total":4,"covered":4,"skipped":0,"pct":100}}
,"/Users/camus/Work/axii/axii/src/RxListHost.ts": {"lines":{"total":85,"covered":85,"skipped":0,"pct":100},"functions":{"total":7,"covered":7,"skipped":0,"pct":100},"statements":{"total":85,"covered":85,"skipped":0,"pct":100},"branches":{"total":33,"covered":32,"skipped":0,"pct":96.96}}
,"/Users/camus/Work/axii/axii/src/StaticArrayHost.ts": {"lines":{"total":42,"covered":42,"skipped":0,"pct":100},"functions":{"total":4,"covered":4,"skipped":0,"pct":100},"statements":{"total":42,"covered":42,"skipped":0,"pct":100},"branches":{"total":18,"covered":18,"skipped":0,"pct":100}}
,"/Users/camus/Work/axii/axii/src/StaticHost.ts": {"lines":{"total":337,"covered":330,"skipped":0,"pct":97.92},"functions":{"total":30,"covered":30,"skipped":0,"pct":100},"statements":{"total":337,"covered":330,"skipped":0,"pct":97.92},"branches":{"total":142,"covered":129,"skipped":0,"pct":90.84}}
,"/Users/camus/Work/axii/axii/src/createHost.ts": {"lines":{"total":63,"covered":63,"skipped":0,"pct":100},"functions":{"total":7,"covered":7,"skipped":0,"pct":100},"statements":{"total":63,"covered":63,"skipped":0,"pct":100},"branches":{"total":36,"covered":36,"skipped":0,"pct":100}}
,"/Users/camus/Work/axii/axii/src/eventAlias.ts": {"lines":{"total":66,"covered":66,"skipped":0,"pct":100},"functions":{"total":8,"covered":8,"skipped":0,"pct":100},"statements":{"total":66,"covered":66,"skipped":0,"pct":100},"branches":{"total":32,"covered":32,"skipped":0,"pct":100}}
,"/Users/camus/Work/axii/axii/src/index.ts": {"lines":{"total":16,"covered":16,"skipped":0,"pct":100},"functions":{"total":0,"covered":0,"skipped":0,"pct":100},"statements":{"total":16,"covered":16,"skipped":0,"pct":100},"branches":{"total":0,"covered":0,"skipped":0,"pct":100}}
,"/Users/camus/Work/axii/axii/src/reactiveDOMState.ts": {"lines":{"total":252,"covered":185,"skipped":0,"pct":73.41},"functions":{"total":34,"covered":26,"skipped":0,"pct":76.47},"statements":{"total":252,"covered":185,"skipped":0,"pct":73.41},"branches":{"total":41,"covered":35,"skipped":0,"pct":85.36}}
,"/Users/camus/Work/axii/axii/src/ref.ts": {"lines":{"total":22,"covered":22,"skipped":0,"pct":100},"functions":{"total":4,"covered":4,"skipped":0,"pct":100},"statements":{"total":22,"covered":22,"skipped":0,"pct":100},"branches":{"total":4,"covered":4,"skipped":0,"pct":100}}
,"/Users/camus/Work/axii/axii/src/render.ts": {"lines":{"total":48,"covered":48,"skipped":0,"pct":100},"functions":{"total":5,"covered":5,"skipped":0,"pct":100},"statements":{"total":48,"covered":48,"skipped":0,"pct":100},"branches":{"total":11,"covered":11,"skipped":0,"pct":100}}
}
